<?xml version="1.0" encoding="UTF-8"?>
<testsuite xmlns:xsi="http://www.w3.org/2001/XMLSchema-instance" xsi:noNamespaceSchemaLocation="https://maven.apache.org/surefire/maven-surefire-plugin/xsd/surefire-test-report.xsd" name="vip.wqby.ccitserver.CcitserverApplicationTests" time="3.125" tests="5" errors="0" skipped="0" failures="0">
  <properties>
[...]
</properties>
  <testcase name="timeTest" classname="vip.wqby.ccitserver.CcitserverApplicationTests" time="0.198"/>
  <testcase name="ibs" classname="vip.wqby.ccitserver.CcitserverApplicationTests" time="0.002"/>
  <testcase name="cpDaily" classname="vip.wqby.ccitserver.CcitserverApplicationTests" time="0.003"/>
  <testcase name="contextLoads" classname="vip.wqby.ccitserver.CcitserverApplicationTests" time="0.004"/>
  <testcase name="ibsTask" classname="vip.wqby.ccitserver.CcitserverApplicationTests" time="0.003"/>
</testsuite>